
> neurosymbolic-frontend@0.1.0 dev
> vite


  VITE v5.4.21  ready in 115 ms

  ➜  Local:   http://localhost:5173/
  ➜  Network: use --host to expose
7:23:50 pm [vite] hmr update /src/components/GraphCanvas.tsx, /src/index.css
7:24:12 pm [vite] hmr update /src/components/GraphCanvas.tsx, /src/index.css
7:25:12 pm [vite] hmr update /src/components/ConstructionPanel.tsx, /src/index.css
7:26:11 pm [vite] hmr update /src/App.tsx, /src/index.css
7:28:48 pm [vite] hmr update /src/App.tsx, /src/index.css
7:28:58 pm [vite] hmr update /src/App.tsx, /src/index.css
7:42:46 pm [vite] hmr update /src/App.tsx, /src/index.css, /src/components/LlmPanel.tsx, /src/components/HistoryPopover.tsx, /src/components/QueryPanel.tsx, /src/components/GraphCanvas.tsx, /src/components/ConstructionPanel.tsx, /src/components/ReasoningPanel.tsx, /src/components/IngestPanel.tsx, /src/components/GraphsPopover.tsx
7:42:59 pm [vite] hmr update /src/App.tsx, /src/index.css, /src/components/LlmPanel.tsx, /src/components/HistoryPopover.tsx, /src/components/QueryPanel.tsx, /src/components/GraphCanvas.tsx, /src/components/ConstructionPanel.tsx, /src/components/ReasoningPanel.tsx, /src/components/IngestPanel.tsx, /src/components/GraphsPopover.tsx
7:43:17 pm [vite] hmr update /src/App.tsx, /src/index.css, /src/components/LlmPanel.tsx, /src/components/HistoryPopover.tsx, /src/components/QueryPanel.tsx, /src/components/GraphCanvas.tsx, /src/components/ConstructionPanel.tsx, /src/components/ReasoningPanel.tsx, /src/components/IngestPanel.tsx, /src/components/GraphsPopover.tsx
7:43:42 pm [vite] hmr update /src/App.tsx, /src/index.css, /src/components/LlmPanel.tsx, /src/components/HistoryPopover.tsx, /src/components/QueryPanel.tsx, /src/components/GraphCanvas.tsx, /src/components/ConstructionPanel.tsx, /src/components/ReasoningPanel.tsx, /src/components/IngestPanel.tsx, /src/components/GraphsPopover.tsx
7:43:51 pm [vite] hmr update /src/App.tsx, /src/index.css, /src/components/LlmPanel.tsx, /src/components/HistoryPopover.tsx, /src/components/QueryPanel.tsx, /src/components/GraphCanvas.tsx, /src/components/ConstructionPanel.tsx, /src/components/ReasoningPanel.tsx, /src/components/IngestPanel.tsx, /src/components/GraphsPopover.tsx
7:44:03 pm [vite] hmr update /src/App.tsx, /src/index.css, /src/components/LlmPanel.tsx, /src/components/HistoryPopover.tsx, /src/components/QueryPanel.tsx, /src/components/GraphCanvas.tsx, /src/components/ConstructionPanel.tsx, /src/components/ReasoningPanel.tsx, /src/components/IngestPanel.tsx, /src/components/GraphsPopover.tsx
7:44:14 pm [vite] hmr update /src/App.tsx, /src/index.css, /src/components/LlmPanel.tsx, /src/components/HistoryPopover.tsx, /src/components/QueryPanel.tsx, /src/components/GraphCanvas.tsx, /src/components/ConstructionPanel.tsx, /src/components/ReasoningPanel.tsx, /src/components/IngestPanel.tsx, /src/components/GraphsPopover.tsx
7:44:21 pm [vite] hmr update /src/App.tsx, /src/index.css, /src/components/LlmPanel.tsx, /src/components/HistoryPopover.tsx, /src/components/QueryPanel.tsx, /src/components/GraphCanvas.tsx, /src/components/ConstructionPanel.tsx, /src/components/ReasoningPanel.tsx, /src/components/IngestPanel.tsx, /src/components/GraphsPopover.tsx
7:44:34 pm [vite] hmr update /src/App.tsx, /src/index.css, /src/components/LlmPanel.tsx, /src/components/HistoryPopover.tsx, /src/components/QueryPanel.tsx, /src/components/GraphCanvas.tsx, /src/components/ConstructionPanel.tsx, /src/components/ReasoningPanel.tsx, /src/components/IngestPanel.tsx, /src/components/GraphsPopover.tsx
7:45:06 pm [vite] hmr update /src/components/GraphCanvas.tsx, /src/index.css
7:45:14 pm [vite] hmr update /src/components/GraphCanvas.tsx, /src/index.css
7:45:32 pm [vite] hmr update /src/components/GraphCanvas.tsx, /src/index.css
7:45:38 pm [vite] hmr update /src/components/GraphCanvas.tsx, /src/index.css
7:45:54 pm [vite] hmr update /src/components/GraphCanvas.tsx, /src/index.css
7:46:08 pm [vite] hmr update /src/components/GraphCanvas.tsx, /src/index.css
7:47:20 pm [vite] hmr update /src/components/ConstructionPanel.tsx, /src/index.css
7:47:39 pm [vite] hmr update /src/App.tsx, /src/index.css
7:55:39 pm [vite] hmr update /src/App.tsx, /src/index.css
7:56:03 pm [vite] hmr update /src/App.tsx, /src/index.css
7:56:15 pm [vite] hmr update /src/App.tsx, /src/index.css
7:56:23 pm [vite] hmr update /src/App.tsx, /src/index.css
7:57:17 pm [vite] hmr update /src/components/IngestPanel.tsx, /src/index.css
7:57:41 pm [vite] hmr update /src/components/ConstructionPanel.tsx, /src/index.css
7:57:54 pm [vite] hmr update /src/components/ConstructionPanel.tsx, /src/index.css
7:58:11 pm [vite] hmr update /src/components/ConstructionPanel.tsx, /src/index.css
7:58:27 pm [vite] hmr update /src/components/ConstructionPanel.tsx, /src/index.css
7:59:09 pm [vite] hmr update /src/components/ConstructionPanel.tsx, /src/index.css
7:59:31 pm [vite] hmr update /src/components/ConstructionPanel.tsx, /src/index.css
7:59:42 pm [vite] hmr update /src/components/ConstructionPanel.tsx, /src/index.css
7:59:49 pm [vite] hmr update /src/components/IngestPanel.tsx, /src/index.css
8:06:54 pm [vite] hmr update /src/components/GraphCanvas.tsx, /src/index.css
8:07:21 pm [vite] hmr update /src/components/GraphCanvas.tsx, /src/index.css
8:09:26 pm [vite] hmr update /src/components/ConstructionPanel.tsx, /src/index.css
8:13:59 pm [vite] hmr update /src/App.tsx, /src/index.css
8:14:20 pm [vite] hmr update /src/App.tsx, /src/index.css
8:14:25 pm [vite] hmr update /src/App.tsx, /src/index.css, /src/components/LlmPanel.tsx, /src/components/HistoryPopover.tsx, /src/components/QueryPanel.tsx, /src/components/GraphCanvas.tsx, /src/components/ConstructionPanel.tsx, /src/components/ReasoningPanel.tsx, /src/components/IngestPanel.tsx, /src/components/GraphsPopover.tsx
8:16:36 pm [vite] hmr update /src/App.tsx, /src/index.css
8:16:48 pm [vite] hmr update /src/App.tsx, /src/index.css
8:18:20 pm [vite] hmr update /src/App.tsx, /src/index.css
8:18:33 pm [vite] hmr update /src/components/ReasoningPanel.tsx, /src/index.css
8:18:40 pm [vite] hmr update /src/components/ReasoningPanel.tsx, /src/index.css
8:18:53 pm [vite] hmr update /src/components/ReasoningPanel.tsx, /src/index.css
8:20:28 pm [vite] hmr update /src/App.tsx, /src/index.css
8:20:49 pm [vite] hmr update /src/App.tsx, /src/index.css
8:24:20 pm [vite] hmr update /src/App.tsx, /src/index.css, /src/components/LlmPanel.tsx, /src/components/HistoryPopover.tsx, /src/components/QueryPanel.tsx, /src/components/GraphCanvas.tsx, /src/components/ConstructionPanel.tsx, /src/components/ReasoningPanel.tsx, /src/components/IngestPanel.tsx, /src/components/GraphsPopover.tsx
8:24:26 pm [vite] hmr update /src/App.tsx, /src/index.css, /src/components/LlmPanel.tsx, /src/components/HistoryPopover.tsx, /src/components/QueryPanel.tsx, /src/components/GraphCanvas.tsx, /src/components/ConstructionPanel.tsx, /src/components/ReasoningPanel.tsx, /src/components/IngestPanel.tsx, /src/components/GraphsPopover.tsx
8:24:32 pm [vite] hmr update /src/App.tsx, /src/index.css, /src/components/LlmPanel.tsx, /src/components/HistoryPopover.tsx, /src/components/QueryPanel.tsx, /src/components/GraphCanvas.tsx, /src/components/ConstructionPanel.tsx, /src/components/ReasoningPanel.tsx, /src/components/IngestPanel.tsx, /src/components/GraphsPopover.tsx
8:24:37 pm [vite] hmr update /src/App.tsx, /src/index.css, /src/components/LlmPanel.tsx, /src/components/HistoryPopover.tsx, /src/components/QueryPanel.tsx, /src/components/GraphCanvas.tsx, /src/components/ConstructionPanel.tsx, /src/components/ReasoningPanel.tsx, /src/components/IngestPanel.tsx, /src/components/GraphsPopover.tsx
8:25:42 pm [vite] hmr update /src/components/QueryPanel.tsx, /src/index.css
8:27:05 pm [vite] hmr update /src/App.tsx, /src/index.css
8:27:09 pm [vite] hmr update /src/App.tsx, /src/index.css
8:27:27 pm [vite] hmr update /src/App.tsx, /src/index.css
8:27:46 pm [vite] hmr update /src/App.tsx, /src/index.css
11:09:59 pm [vite] hmr update /src/App.tsx, /src/index.css, /src/components/LlmPanel.tsx, /src/components/HistoryPopover.tsx, /src/components/QueryPanel.tsx, /src/components/GraphCanvas.tsx, /src/components/ConstructionPanel.tsx, /src/components/ReasoningPanel.tsx, /src/components/IngestPanel.tsx, /src/components/GraphsPopover.tsx, /src/components/TripleStorePanel.tsx, /src/components/OntologyPanel.tsx
11:10:06 pm [vite] hmr update /src/App.tsx, /src/index.css, /src/components/LlmPanel.tsx, /src/components/HistoryPopover.tsx, /src/components/QueryPanel.tsx, /src/components/GraphCanvas.tsx, /src/components/ConstructionPanel.tsx, /src/components/ReasoningPanel.tsx, /src/components/IngestPanel.tsx, /src/components/GraphsPopover.tsx, /src/components/TripleStorePanel.tsx, /src/components/OntologyPanel.tsx
11:10:14 pm [vite] hmr update /src/App.tsx, /src/index.css, /src/components/LlmPanel.tsx, /src/components/HistoryPopover.tsx, /src/components/QueryPanel.tsx, /src/components/GraphCanvas.tsx, /src/components/ConstructionPanel.tsx, /src/components/ReasoningPanel.tsx, /src/components/IngestPanel.tsx, /src/components/GraphsPopover.tsx, /src/components/TripleStorePanel.tsx
11:10:18 pm [vite] hmr update /src/App.tsx, /src/index.css, /src/components/LlmPanel.tsx, /src/components/HistoryPopover.tsx, /src/components/QueryPanel.tsx, /src/components/GraphCanvas.tsx, /src/components/ConstructionPanel.tsx, /src/components/ReasoningPanel.tsx, /src/components/IngestPanel.tsx, /src/components/GraphsPopover.tsx, /src/components/TripleStorePanel.tsx
11:10:24 pm [vite] hmr update /src/App.tsx, /src/index.css, /src/components/LlmPanel.tsx, /src/components/HistoryPopover.tsx, /src/components/QueryPanel.tsx, /src/components/GraphCanvas.tsx, /src/components/ConstructionPanel.tsx, /src/components/ReasoningPanel.tsx, /src/components/IngestPanel.tsx, /src/components/GraphsPopover.tsx, /src/components/TripleStorePanel.tsx
11:10:30 pm [vite] hmr update /src/App.tsx, /src/index.css, /src/components/LlmPanel.tsx, /src/components/HistoryPopover.tsx, /src/components/QueryPanel.tsx, /src/components/GraphCanvas.tsx, /src/components/ConstructionPanel.tsx, /src/components/ReasoningPanel.tsx, /src/components/IngestPanel.tsx, /src/components/GraphsPopover.tsx, /src/components/TripleStorePanel.tsx
11:10:35 pm [vite] hmr update /src/App.tsx, /src/index.css, /src/components/LlmPanel.tsx, /src/components/HistoryPopover.tsx, /src/components/QueryPanel.tsx, /src/components/GraphCanvas.tsx, /src/components/ConstructionPanel.tsx, /src/components/ReasoningPanel.tsx, /src/components/IngestPanel.tsx, /src/components/GraphsPopover.tsx, /src/components/TripleStorePanel.tsx
11:10:42 pm [vite] hmr update /src/App.tsx, /src/index.css, /src/components/LlmPanel.tsx, /src/components/HistoryPopover.tsx, /src/components/QueryPanel.tsx, /src/components/GraphCanvas.tsx, /src/components/ConstructionPanel.tsx, /src/components/ReasoningPanel.tsx, /src/components/IngestPanel.tsx, /src/components/GraphsPopover.tsx, /src/components/TripleStorePanel.tsx
11:11:30 pm [vite] hmr update /src/App.tsx, /src/index.css
11:11:34 pm [vite] hmr update /src/App.tsx, /src/index.css
11:11:41 pm [vite] hmr update /src/App.tsx, /src/index.css
11:11:49 pm [vite] hmr update /src/App.tsx, /src/index.css
11:11:53 pm [vite] hmr update /src/App.tsx, /src/index.css
11:12:04 pm [vite] hmr update /src/App.tsx, /src/index.css
11:12:09 pm [vite] hmr update /src/App.tsx, /src/index.css
11:24:36 pm [vite] hmr update /src/App.tsx, /src/index.css, /src/components/LlmPanel.tsx, /src/components/HistoryPopover.tsx, /src/components/QueryPanel.tsx, /src/components/GraphCanvas.tsx, /src/components/ConstructionPanel.tsx, /src/components/ReasoningPanel.tsx, /src/components/IngestPanel.tsx, /src/components/GraphsPopover.tsx, /src/components/TripleStorePanel.tsx, /src/components/EnrichmentPanel.tsx, /src/components/OntologyPanel.tsx
11:24:42 pm [vite] hmr update /src/App.tsx, /src/index.css, /src/components/LlmPanel.tsx, /src/components/HistoryPopover.tsx, /src/components/QueryPanel.tsx, /src/components/GraphCanvas.tsx, /src/components/ConstructionPanel.tsx, /src/components/ReasoningPanel.tsx, /src/components/IngestPanel.tsx, /src/components/GraphsPopover.tsx, /src/components/TripleStorePanel.tsx, /src/components/EnrichmentPanel.tsx, /src/components/OntologyPanel.tsx
11:24:47 pm [vite] hmr update /src/App.tsx, /src/index.css, /src/components/LlmPanel.tsx, /src/components/HistoryPopover.tsx, /src/components/QueryPanel.tsx, /src/components/GraphCanvas.tsx, /src/components/ConstructionPanel.tsx, /src/components/ReasoningPanel.tsx, /src/components/IngestPanel.tsx, /src/components/GraphsPopover.tsx, /src/components/TripleStorePanel.tsx, /src/components/EnrichmentPanel.tsx, /src/components/OntologyPanel.tsx
11:24:52 pm [vite] hmr update /src/App.tsx, /src/index.css, /src/components/LlmPanel.tsx, /src/components/HistoryPopover.tsx, /src/components/QueryPanel.tsx, /src/components/GraphCanvas.tsx, /src/components/ConstructionPanel.tsx, /src/components/ReasoningPanel.tsx, /src/components/IngestPanel.tsx, /src/components/GraphsPopover.tsx, /src/components/TripleStorePanel.tsx, /src/components/EnrichmentPanel.tsx
11:24:58 pm [vite] hmr update /src/App.tsx, /src/index.css, /src/components/LlmPanel.tsx, /src/components/HistoryPopover.tsx, /src/components/QueryPanel.tsx, /src/components/GraphCanvas.tsx, /src/components/ConstructionPanel.tsx, /src/components/ReasoningPanel.tsx, /src/components/IngestPanel.tsx, /src/components/GraphsPopover.tsx, /src/components/TripleStorePanel.tsx, /src/components/EnrichmentPanel.tsx
11:25:03 pm [vite] hmr update /src/App.tsx, /src/index.css, /src/components/LlmPanel.tsx, /src/components/HistoryPopover.tsx, /src/components/QueryPanel.tsx, /src/components/GraphCanvas.tsx, /src/components/ConstructionPanel.tsx, /src/components/ReasoningPanel.tsx, /src/components/IngestPanel.tsx, /src/components/GraphsPopover.tsx, /src/components/TripleStorePanel.tsx, /src/components/EnrichmentPanel.tsx
11:25:09 pm [vite] hmr update /src/App.tsx, /src/index.css, /src/components/LlmPanel.tsx, /src/components/HistoryPopover.tsx, /src/components/QueryPanel.tsx, /src/components/GraphCanvas.tsx, /src/components/ConstructionPanel.tsx, /src/components/ReasoningPanel.tsx, /src/components/IngestPanel.tsx, /src/components/GraphsPopover.tsx, /src/components/TripleStorePanel.tsx, /src/components/EnrichmentPanel.tsx
11:25:15 pm [vite] hmr update /src/App.tsx, /src/index.css, /src/components/LlmPanel.tsx, /src/components/HistoryPopover.tsx, /src/components/QueryPanel.tsx, /src/components/GraphCanvas.tsx, /src/components/ConstructionPanel.tsx, /src/components/ReasoningPanel.tsx, /src/components/IngestPanel.tsx, /src/components/GraphsPopover.tsx, /src/components/TripleStorePanel.tsx, /src/components/EnrichmentPanel.tsx
11:25:28 pm [vite] hmr update /src/components/GraphCanvas.tsx, /src/index.css
11:25:34 pm [vite] hmr update /src/components/GraphCanvas.tsx, /src/index.css
11:25:42 pm [vite] hmr update /src/components/GraphCanvas.tsx, /src/index.css
11:25:54 pm [vite] hmr update /src/components/GraphCanvas.tsx, /src/index.css
11:26:03 pm [vite] hmr update /src/components/GraphCanvas.tsx, /src/index.css
11:26:21 pm [vite] hmr update /src/components/GraphCanvas.tsx, /src/index.css
11:26:48 pm [vite] hmr update /src/components/GraphCanvas.tsx, /src/index.css
12:29:11 am [vite] hmr update /src/App.tsx, /src/index.css, /src/components/LlmPanel.tsx, /src/components/HistoryPopover.tsx, /src/components/QueryPanel.tsx, /src/components/GraphCanvas.tsx, /src/components/ConstructionPanel.tsx, /src/components/ReasoningPanel.tsx, /src/components/IngestPanel.tsx, /src/components/GraphsPopover.tsx, /src/components/TripleStorePanel.tsx, /src/components/EnrichmentPanel.tsx, /src/components/OntologyPanel.tsx
12:29:17 am [vite] hmr update /src/App.tsx, /src/index.css, /src/components/LlmPanel.tsx, /src/components/HistoryPopover.tsx, /src/components/QueryPanel.tsx, /src/components/GraphCanvas.tsx, /src/components/ConstructionPanel.tsx, /src/components/ReasoningPanel.tsx, /src/components/IngestPanel.tsx, /src/components/GraphsPopover.tsx, /src/components/TripleStorePanel.tsx, /src/components/EnrichmentPanel.tsx, /src/components/OntologyPanel.tsx
12:29:30 am [vite] hmr update /src/App.tsx, /src/index.css, /src/components/LlmPanel.tsx, /src/components/HistoryPopover.tsx, /src/components/QueryPanel.tsx, /src/components/GraphCanvas.tsx, /src/components/ConstructionPanel.tsx, /src/components/ReasoningPanel.tsx, /src/components/IngestPanel.tsx, /src/components/GraphsPopover.tsx, /src/components/TripleStorePanel.tsx, /src/components/EnrichmentPanel.tsx
12:29:37 am [vite] hmr update /src/App.tsx, /src/index.css, /src/components/LlmPanel.tsx, /src/components/HistoryPopover.tsx, /src/components/QueryPanel.tsx, /src/components/GraphCanvas.tsx, /src/components/ConstructionPanel.tsx, /src/components/ReasoningPanel.tsx, /src/components/IngestPanel.tsx, /src/components/GraphsPopover.tsx, /src/components/TripleStorePanel.tsx, /src/components/EnrichmentPanel.tsx
12:29:47 am [vite] hmr update /src/App.tsx, /src/index.css, /src/components/LlmPanel.tsx, /src/components/HistoryPopover.tsx, /src/components/QueryPanel.tsx, /src/components/GraphCanvas.tsx, /src/components/ConstructionPanel.tsx, /src/components/ReasoningPanel.tsx, /src/components/IngestPanel.tsx, /src/components/GraphsPopover.tsx, /src/components/TripleStorePanel.tsx, /src/components/EnrichmentPanel.tsx
12:29:52 am [vite] hmr update /src/App.tsx, /src/index.css, /src/components/LlmPanel.tsx, /src/components/HistoryPopover.tsx, /src/components/QueryPanel.tsx, /src/components/GraphCanvas.tsx, /src/components/ConstructionPanel.tsx, /src/components/ReasoningPanel.tsx, /src/components/IngestPanel.tsx, /src/components/GraphsPopover.tsx, /src/components/TripleStorePanel.tsx, /src/components/EnrichmentPanel.tsx
12:29:59 am [vite] hmr update /src/App.tsx, /src/index.css, /src/components/LlmPanel.tsx, /src/components/HistoryPopover.tsx, /src/components/QueryPanel.tsx, /src/components/GraphCanvas.tsx, /src/components/ConstructionPanel.tsx, /src/components/ReasoningPanel.tsx, /src/components/IngestPanel.tsx, /src/components/GraphsPopover.tsx, /src/components/TripleStorePanel.tsx, /src/components/EnrichmentPanel.tsx
12:30:07 am [vite] hmr update /src/App.tsx, /src/index.css, /src/components/LlmPanel.tsx, /src/components/HistoryPopover.tsx, /src/components/QueryPanel.tsx, /src/components/GraphCanvas.tsx, /src/components/ConstructionPanel.tsx, /src/components/ReasoningPanel.tsx, /src/components/IngestPanel.tsx, /src/components/GraphsPopover.tsx, /src/components/TripleStorePanel.tsx, /src/components/EnrichmentPanel.tsx
12:30:15 am [vite] hmr update /src/App.tsx, /src/index.css, /src/components/LlmPanel.tsx, /src/components/HistoryPopover.tsx, /src/components/QueryPanel.tsx, /src/components/GraphCanvas.tsx, /src/components/ConstructionPanel.tsx, /src/components/ReasoningPanel.tsx, /src/components/IngestPanel.tsx, /src/components/GraphsPopover.tsx, /src/components/TripleStorePanel.tsx, /src/components/EnrichmentPanel.tsx
12:31:05 am [vite] hmr update /src/App.tsx, /src/index.css
12:31:16 am [vite] hmr update /src/App.tsx, /src/index.css
12:31:33 am [vite] hmr update /src/App.tsx, /src/index.css
12:57:07 am [vite] hmr update /src/App.tsx, /src/index.css, /src/components/LlmPanel.tsx, /src/components/HistoryPopover.tsx, /src/components/QueryPanel.tsx, /src/components/GraphCanvas.tsx, /src/components/ConstructionPanel.tsx, /src/components/ReasoningPanel.tsx, /src/components/IngestPanel.tsx, /src/components/GraphsPopover.tsx, /src/components/TripleStorePanel.tsx, /src/components/EnrichmentPanel.tsx, /src/components/AgentPanel.tsx, /src/components/OntologyPanel.tsx
12:57:15 am [vite] hmr update /src/App.tsx, /src/index.css, /src/components/LlmPanel.tsx, /src/components/HistoryPopover.tsx, /src/components/QueryPanel.tsx, /src/components/GraphCanvas.tsx, /src/components/ConstructionPanel.tsx, /src/components/ReasoningPanel.tsx, /src/components/IngestPanel.tsx, /src/components/GraphsPopover.tsx, /src/components/TripleStorePanel.tsx, /src/components/EnrichmentPanel.tsx, /src/components/AgentPanel.tsx, /src/components/OntologyPanel.tsx
12:57:26 am [vite] hmr update /src/App.tsx, /src/index.css, /src/components/LlmPanel.tsx, /src/components/HistoryPopover.tsx, /src/components/QueryPanel.tsx, /src/components/GraphCanvas.tsx, /src/components/ConstructionPanel.tsx, /src/components/ReasoningPanel.tsx, /src/components/IngestPanel.tsx, /src/components/GraphsPopover.tsx, /src/components/TripleStorePanel.tsx, /src/components/EnrichmentPanel.tsx, /src/components/AgentPanel.tsx, /src/components/OntologyPanel.tsx
12:58:11 am [vite] hmr update /src/App.tsx, /src/index.css, /src/components/LlmPanel.tsx, /src/components/HistoryPopover.tsx, /src/components/QueryPanel.tsx, /src/components/GraphCanvas.tsx, /src/components/ConstructionPanel.tsx, /src/components/ReasoningPanel.tsx, /src/components/IngestPanel.tsx, /src/components/GraphsPopover.tsx, /src/components/TripleStorePanel.tsx, /src/components/EnrichmentPanel.tsx, /src/components/AgentPanel.tsx
12:58:20 am [vite] hmr update /src/App.tsx, /src/index.css, /src/components/LlmPanel.tsx, /src/components/HistoryPopover.tsx, /src/components/QueryPanel.tsx, /src/components/GraphCanvas.tsx, /src/components/ConstructionPanel.tsx, /src/components/ReasoningPanel.tsx, /src/components/IngestPanel.tsx, /src/components/GraphsPopover.tsx, /src/components/TripleStorePanel.tsx, /src/components/EnrichmentPanel.tsx, /src/components/AgentPanel.tsx
12:58:27 am [vite] hmr update /src/App.tsx, /src/index.css, /src/components/LlmPanel.tsx, /src/components/HistoryPopover.tsx, /src/components/QueryPanel.tsx, /src/components/GraphCanvas.tsx, /src/components/ConstructionPanel.tsx, /src/components/ReasoningPanel.tsx, /src/components/IngestPanel.tsx, /src/components/GraphsPopover.tsx, /src/components/TripleStorePanel.tsx, /src/components/EnrichmentPanel.tsx, /src/components/AgentPanel.tsx
12:58:34 am [vite] hmr update /src/App.tsx, /src/index.css, /src/components/LlmPanel.tsx, /src/components/HistoryPopover.tsx, /src/components/QueryPanel.tsx, /src/components/GraphCanvas.tsx, /src/components/ConstructionPanel.tsx, /src/components/ReasoningPanel.tsx, /src/components/IngestPanel.tsx, /src/components/GraphsPopover.tsx, /src/components/TripleStorePanel.tsx, /src/components/EnrichmentPanel.tsx, /src/components/AgentPanel.tsx
12:58:56 am [vite] hmr update /src/App.tsx, /src/index.css, /src/components/LlmPanel.tsx, /src/components/HistoryPopover.tsx, /src/components/QueryPanel.tsx, /src/components/GraphCanvas.tsx, /src/components/ConstructionPanel.tsx, /src/components/ReasoningPanel.tsx, /src/components/IngestPanel.tsx, /src/components/GraphsPopover.tsx, /src/components/TripleStorePanel.tsx, /src/components/EnrichmentPanel.tsx, /src/components/AgentPanel.tsx
12:59:16 am [vite] hmr update /src/App.tsx, /src/index.css, /src/components/LlmPanel.tsx, /src/components/HistoryPopover.tsx, /src/components/QueryPanel.tsx, /src/components/GraphCanvas.tsx, /src/components/ConstructionPanel.tsx, /src/components/ReasoningPanel.tsx, /src/components/IngestPanel.tsx, /src/components/GraphsPopover.tsx, /src/components/TripleStorePanel.tsx, /src/components/EnrichmentPanel.tsx, /src/components/AgentPanel.tsx
12:59:28 am [vite] hmr update /src/App.tsx, /src/index.css, /src/components/LlmPanel.tsx, /src/components/HistoryPopover.tsx, /src/components/QueryPanel.tsx, /src/components/GraphCanvas.tsx, /src/components/ConstructionPanel.tsx, /src/components/ReasoningPanel.tsx, /src/components/IngestPanel.tsx, /src/components/GraphsPopover.tsx, /src/components/TripleStorePanel.tsx, /src/components/EnrichmentPanel.tsx, /src/components/AgentPanel.tsx
1:00:48 am [vite] hmr update /src/components/ReasoningPanel.tsx, /src/index.css
1:01:11 am [vite] hmr update /src/App.tsx, /src/index.css
3:21:46 am [vite] hmr update /src/App.tsx, /src/index.css, /src/components/LlmPanel.tsx, /src/components/HistoryPopover.tsx, /src/components/QueryPanel.tsx, /src/components/GraphCanvas.tsx, /src/components/ConstructionPanel.tsx, /src/components/ReasoningPanel.tsx, /src/components/IngestPanel.tsx, /src/components/GraphsPopover.tsx, /src/components/TripleStorePanel.tsx, /src/components/EnrichmentPanel.tsx, /src/components/AgentPanel.tsx, /src/components/OntologyPanel.tsx
3:21:58 am [vite] hmr update /src/App.tsx, /src/index.css, /src/components/LlmPanel.tsx, /src/components/HistoryPopover.tsx, /src/components/QueryPanel.tsx, /src/components/GraphCanvas.tsx, /src/components/ConstructionPanel.tsx, /src/components/ReasoningPanel.tsx, /src/components/IngestPanel.tsx, /src/components/GraphsPopover.tsx, /src/components/TripleStorePanel.tsx, /src/components/EnrichmentPanel.tsx, /src/components/AgentPanel.tsx, /src/components/OntologyPanel.tsx
3:22:04 am [vite] hmr update /src/App.tsx, /src/index.css, /src/components/LlmPanel.tsx, /src/components/HistoryPopover.tsx, /src/components/QueryPanel.tsx, /src/components/GraphCanvas.tsx, /src/components/ConstructionPanel.tsx, /src/components/ReasoningPanel.tsx, /src/components/IngestPanel.tsx, /src/components/GraphsPopover.tsx, /src/components/TripleStorePanel.tsx, /src/components/EnrichmentPanel.tsx, /src/components/AgentPanel.tsx
3:22:09 am [vite] hmr update /src/App.tsx, /src/index.css, /src/components/LlmPanel.tsx, /src/components/HistoryPopover.tsx, /src/components/QueryPanel.tsx, /src/components/GraphCanvas.tsx, /src/components/ConstructionPanel.tsx, /src/components/ReasoningPanel.tsx, /src/components/IngestPanel.tsx, /src/components/GraphsPopover.tsx, /src/components/TripleStorePanel.tsx, /src/components/EnrichmentPanel.tsx, /src/components/AgentPanel.tsx
3:22:13 am [vite] hmr update /src/App.tsx, /src/index.css, /src/components/LlmPanel.tsx, /src/components/HistoryPopover.tsx, /src/components/QueryPanel.tsx, /src/components/GraphCanvas.tsx, /src/components/ConstructionPanel.tsx, /src/components/ReasoningPanel.tsx, /src/components/IngestPanel.tsx, /src/components/GraphsPopover.tsx, /src/components/TripleStorePanel.tsx, /src/components/EnrichmentPanel.tsx, /src/components/AgentPanel.tsx
3:22:17 am [vite] hmr update /src/App.tsx, /src/index.css, /src/components/LlmPanel.tsx, /src/components/HistoryPopover.tsx, /src/components/QueryPanel.tsx, /src/components/GraphCanvas.tsx, /src/components/ConstructionPanel.tsx, /src/components/ReasoningPanel.tsx, /src/components/IngestPanel.tsx, /src/components/GraphsPopover.tsx, /src/components/TripleStorePanel.tsx, /src/components/EnrichmentPanel.tsx, /src/components/AgentPanel.tsx
3:22:25 am [vite] hmr update /src/App.tsx, /src/index.css, /src/components/LlmPanel.tsx, /src/components/HistoryPopover.tsx, /src/components/QueryPanel.tsx, /src/components/GraphCanvas.tsx, /src/components/ConstructionPanel.tsx, /src/components/ReasoningPanel.tsx, /src/components/IngestPanel.tsx, /src/components/GraphsPopover.tsx, /src/components/TripleStorePanel.tsx, /src/components/EnrichmentPanel.tsx, /src/components/AgentPanel.tsx
3:23:12 am [vite] hmr update /src/App.tsx, /src/index.css
3:23:15 am [vite] hmr update /src/App.tsx, /src/index.css
3:23:24 am [vite] hmr update /src/App.tsx, /src/index.css
2:26:12 pm [vite] hmr update /src/App.tsx, /src/index.css
2:26:12 pm [vite] Internal server error: Failed to resolve import "./components/pages/DocumentsPage" from "src/App.tsx". Does the file exist?
  Plugin: vite:import-analysis
  File: /Users/akash/KG_Projects/neurosymbolic/frontend/src/App.tsx:21:30
  26 |  import { NodeInspectorCard } from "./components/NodeInspectorCard";
  27 |  import { LeftNavigation } from "./components/LeftNavigation";
  28 |  import { DocumentsPage } from "./components/pages/DocumentsPage";
     |                                 ^
  29 |  import { LogicPage } from "./components/pages/LogicPage";
  30 |  import { InferencePage } from "./components/pages/InferencePage";
      at TransformPluginContext._formatError (file:///Users/akash/KG_Projects/neurosymbolic/frontend/node_modules/vite/dist/node/chunks/dep-BK3b2jBa.js:49258:41)
      at TransformPluginContext.error (file:///Users/akash/KG_Projects/neurosymbolic/frontend/node_modules/vite/dist/node/chunks/dep-BK3b2jBa.js:49253:16)
      at normalizeUrl (file:///Users/akash/KG_Projects/neurosymbolic/frontend/node_modules/vite/dist/node/chunks/dep-BK3b2jBa.js:64307:23)
      at process.processTicksAndRejections (node:internal/process/task_queues:104:5)
      at async file:///Users/akash/KG_Projects/neurosymbolic/frontend/node_modules/vite/dist/node/chunks/dep-BK3b2jBa.js:64439:39
      at async Promise.all (index 13)
      at async TransformPluginContext.transform (file:///Users/akash/KG_Projects/neurosymbolic/frontend/node_modules/vite/dist/node/chunks/dep-BK3b2jBa.js:64366:7)
      at async PluginContainer.transform (file:///Users/akash/KG_Projects/neurosymbolic/frontend/node_modules/vite/dist/node/chunks/dep-BK3b2jBa.js:49099:18)
      at async loadAndTransform (file:///Users/akash/KG_Projects/neurosymbolic/frontend/node_modules/vite/dist/node/chunks/dep-BK3b2jBa.js:51978:27)
      at async viteTransformMiddleware (file:///Users/akash/KG_Projects/neurosymbolic/frontend/node_modules/vite/dist/node/chunks/dep-BK3b2jBa.js:62106:24)
2:27:28 pm [vite] page reload src/components/pages/DocumentsPage.tsx
2:27:28 pm [vite] Pre-transform error: Failed to resolve import "./components/pages/LogicPage" from "src/App.tsx". Does the file exist?
2:27:28 pm [vite] Internal server error: Failed to resolve import "./components/pages/LogicPage" from "src/App.tsx". Does the file exist?
  Plugin: vite:import-analysis
  File: /Users/akash/KG_Projects/neurosymbolic/frontend/src/App.tsx:22:26
  27 |  import { LeftNavigation } from "./components/LeftNavigation";
  28 |  import { DocumentsPage } from "./components/pages/DocumentsPage";
  29 |  import { LogicPage } from "./components/pages/LogicPage";
     |                             ^
  30 |  import { InferencePage } from "./components/pages/InferencePage";
  31 |  import { QueryPage } from "./components/pages/QueryPage";
      at TransformPluginContext._formatError (file:///Users/akash/KG_Projects/neurosymbolic/frontend/node_modules/vite/dist/node/chunks/dep-BK3b2jBa.js:49258:41)
      at TransformPluginContext.error (file:///Users/akash/KG_Projects/neurosymbolic/frontend/node_modules/vite/dist/node/chunks/dep-BK3b2jBa.js:49253:16)
      at normalizeUrl (file:///Users/akash/KG_Projects/neurosymbolic/frontend/node_modules/vite/dist/node/chunks/dep-BK3b2jBa.js:64307:23)
      at process.processTicksAndRejections (node:internal/process/task_queues:104:5)
      at async file:///Users/akash/KG_Projects/neurosymbolic/frontend/node_modules/vite/dist/node/chunks/dep-BK3b2jBa.js:64439:39
      at async Promise.all (index 14)
      at async TransformPluginContext.transform (file:///Users/akash/KG_Projects/neurosymbolic/frontend/node_modules/vite/dist/node/chunks/dep-BK3b2jBa.js:64366:7)
      at async PluginContainer.transform (file:///Users/akash/KG_Projects/neurosymbolic/frontend/node_modules/vite/dist/node/chunks/dep-BK3b2jBa.js:49099:18)
      at async loadAndTransform (file:///Users/akash/KG_Projects/neurosymbolic/frontend/node_modules/vite/dist/node/chunks/dep-BK3b2jBa.js:51978:27)
      at async viteTransformMiddleware (file:///Users/akash/KG_Projects/neurosymbolic/frontend/node_modules/vite/dist/node/chunks/dep-BK3b2jBa.js:62106:24)
2:28:51 pm [vite] page reload src/components/pages/LogicPage.tsx
2:28:52 pm [vite] Pre-transform error: Failed to resolve import "./components/pages/InferencePage" from "src/App.tsx". Does the file exist?
2:28:52 pm [vite] Internal server error: Failed to resolve import "./components/pages/InferencePage" from "src/App.tsx". Does the file exist?
  Plugin: vite:import-analysis
  File: /Users/akash/KG_Projects/neurosymbolic/frontend/src/App.tsx:23:30
  28 |  import { DocumentsPage } from "./components/pages/DocumentsPage";
  29 |  import { LogicPage } from "./components/pages/LogicPage";
  30 |  import { InferencePage } from "./components/pages/InferencePage";
     |                                 ^
  31 |  import { QueryPage } from "./components/pages/QueryPage";
  32 |  import { api } from "./lib/api";
      at TransformPluginContext._formatError (file:///Users/akash/KG_Projects/neurosymbolic/frontend/node_modules/vite/dist/node/chunks/dep-BK3b2jBa.js:49258:41)
      at TransformPluginContext.error (file:///Users/akash/KG_Projects/neurosymbolic/frontend/node_modules/vite/dist/node/chunks/dep-BK3b2jBa.js:49253:16)
      at normalizeUrl (file:///Users/akash/KG_Projects/neurosymbolic/frontend/node_modules/vite/dist/node/chunks/dep-BK3b2jBa.js:64307:23)
      at process.processTicksAndRejections (node:internal/process/task_queues:104:5)
      at async file:///Users/akash/KG_Projects/neurosymbolic/frontend/node_modules/vite/dist/node/chunks/dep-BK3b2jBa.js:64439:39
      at async Promise.all (index 15)
      at async TransformPluginContext.transform (file:///Users/akash/KG_Projects/neurosymbolic/frontend/node_modules/vite/dist/node/chunks/dep-BK3b2jBa.js:64366:7)
      at async PluginContainer.transform (file:///Users/akash/KG_Projects/neurosymbolic/frontend/node_modules/vite/dist/node/chunks/dep-BK3b2jBa.js:49099:18)
      at async loadAndTransform (file:///Users/akash/KG_Projects/neurosymbolic/frontend/node_modules/vite/dist/node/chunks/dep-BK3b2jBa.js:51978:27)
      at async viteTransformMiddleware (file:///Users/akash/KG_Projects/neurosymbolic/frontend/node_modules/vite/dist/node/chunks/dep-BK3b2jBa.js:62106:24)
2:30:17 pm [vite] page reload src/components/pages/InferencePage.tsx
2:30:17 pm [vite] Pre-transform error: Failed to resolve import "./components/pages/QueryPage" from "src/App.tsx". Does the file exist?
2:30:17 pm [vite] Internal server error: Failed to resolve import "./components/pages/QueryPage" from "src/App.tsx". Does the file exist?
  Plugin: vite:import-analysis
  File: /Users/akash/KG_Projects/neurosymbolic/frontend/src/App.tsx:24:26
  29 |  import { LogicPage } from "./components/pages/LogicPage";
  30 |  import { InferencePage } from "./components/pages/InferencePage";
  31 |  import { QueryPage } from "./components/pages/QueryPage";
     |                             ^
  32 |  import { api } from "./lib/api";
  33 |  import { useGraphStore } from "./stores/graphStore";
      at TransformPluginContext._formatError (file:///Users/akash/KG_Projects/neurosymbolic/frontend/node_modules/vite/dist/node/chunks/dep-BK3b2jBa.js:49258:41)
      at TransformPluginContext.error (file:///Users/akash/KG_Projects/neurosymbolic/frontend/node_modules/vite/dist/node/chunks/dep-BK3b2jBa.js:49253:16)
      at normalizeUrl (file:///Users/akash/KG_Projects/neurosymbolic/frontend/node_modules/vite/dist/node/chunks/dep-BK3b2jBa.js:64307:23)
      at process.processTicksAndRejections (node:internal/process/task_queues:104:5)
      at async file:///Users/akash/KG_Projects/neurosymbolic/frontend/node_modules/vite/dist/node/chunks/dep-BK3b2jBa.js:64439:39
      at async Promise.all (index 16)
      at async TransformPluginContext.transform (file:///Users/akash/KG_Projects/neurosymbolic/frontend/node_modules/vite/dist/node/chunks/dep-BK3b2jBa.js:64366:7)
      at async PluginContainer.transform (file:///Users/akash/KG_Projects/neurosymbolic/frontend/node_modules/vite/dist/node/chunks/dep-BK3b2jBa.js:49099:18)
      at async loadAndTransform (file:///Users/akash/KG_Projects/neurosymbolic/frontend/node_modules/vite/dist/node/chunks/dep-BK3b2jBa.js:51978:27)
      at async viteTransformMiddleware (file:///Users/akash/KG_Projects/neurosymbolic/frontend/node_modules/vite/dist/node/chunks/dep-BK3b2jBa.js:62106:24)
2:30:34 pm [vite] hmr update /src/components/pages/InferencePage.tsx, /src/index.css
2:30:34 pm [vite] Pre-transform error: Failed to resolve import "./components/pages/QueryPage" from "src/App.tsx". Does the file exist?
2:30:34 pm [vite] Internal server error: Failed to resolve import "./components/pages/QueryPage" from "src/App.tsx". Does the file exist?
  Plugin: vite:import-analysis
  File: /Users/akash/KG_Projects/neurosymbolic/frontend/src/App.tsx:24:26
  29 |  import { LogicPage } from "./components/pages/LogicPage";
  30 |  import { InferencePage } from "./components/pages/InferencePage";
  31 |  import { QueryPage } from "./components/pages/QueryPage";
     |                             ^
  32 |  import { api } from "./lib/api";
  33 |  import { useGraphStore } from "./stores/graphStore";
      at TransformPluginContext._formatError (file:///Users/akash/KG_Projects/neurosymbolic/frontend/node_modules/vite/dist/node/chunks/dep-BK3b2jBa.js:49258:41)
      at TransformPluginContext.error (file:///Users/akash/KG_Projects/neurosymbolic/frontend/node_modules/vite/dist/node/chunks/dep-BK3b2jBa.js:49253:16)
      at normalizeUrl (file:///Users/akash/KG_Projects/neurosymbolic/frontend/node_modules/vite/dist/node/chunks/dep-BK3b2jBa.js:64307:23)
      at process.processTicksAndRejections (node:internal/process/task_queues:104:5)
      at async file:///Users/akash/KG_Projects/neurosymbolic/frontend/node_modules/vite/dist/node/chunks/dep-BK3b2jBa.js:64439:39
      at async Promise.all (index 16)
      at async TransformPluginContext.transform (file:///Users/akash/KG_Projects/neurosymbolic/frontend/node_modules/vite/dist/node/chunks/dep-BK3b2jBa.js:64366:7)
      at async PluginContainer.transform (file:///Users/akash/KG_Projects/neurosymbolic/frontend/node_modules/vite/dist/node/chunks/dep-BK3b2jBa.js:49099:18)
      at async loadAndTransform (file:///Users/akash/KG_Projects/neurosymbolic/frontend/node_modules/vite/dist/node/chunks/dep-BK3b2jBa.js:51978:27)
      at async viteTransformMiddleware (file:///Users/akash/KG_Projects/neurosymbolic/frontend/node_modules/vite/dist/node/chunks/dep-BK3b2jBa.js:62106:24)
2:30:41 pm [vite] hmr update /src/components/pages/InferencePage.tsx, /src/index.css
2:30:41 pm [vite] Pre-transform error: Failed to resolve import "./components/pages/QueryPage" from "src/App.tsx". Does the file exist?
2:30:41 pm [vite] Internal server error: Failed to resolve import "./components/pages/QueryPage" from "src/App.tsx". Does the file exist?
  Plugin: vite:import-analysis
  File: /Users/akash/KG_Projects/neurosymbolic/frontend/src/App.tsx:24:26
  29 |  import { LogicPage } from "./components/pages/LogicPage";
  30 |  import { InferencePage } from "./components/pages/InferencePage";
  31 |  import { QueryPage } from "./components/pages/QueryPage";
     |                             ^
  32 |  import { api } from "./lib/api";
  33 |  import { useGraphStore } from "./stores/graphStore";
      at TransformPluginContext._formatError (file:///Users/akash/KG_Projects/neurosymbolic/frontend/node_modules/vite/dist/node/chunks/dep-BK3b2jBa.js:49258:41)
      at TransformPluginContext.error (file:///Users/akash/KG_Projects/neurosymbolic/frontend/node_modules/vite/dist/node/chunks/dep-BK3b2jBa.js:49253:16)
      at normalizeUrl (file:///Users/akash/KG_Projects/neurosymbolic/frontend/node_modules/vite/dist/node/chunks/dep-BK3b2jBa.js:64307:23)
      at process.processTicksAndRejections (node:internal/process/task_queues:104:5)
      at async file:///Users/akash/KG_Projects/neurosymbolic/frontend/node_modules/vite/dist/node/chunks/dep-BK3b2jBa.js:64439:39
      at async Promise.all (index 16)
      at async TransformPluginContext.transform (file:///Users/akash/KG_Projects/neurosymbolic/frontend/node_modules/vite/dist/node/chunks/dep-BK3b2jBa.js:64366:7)
      at async PluginContainer.transform (file:///Users/akash/KG_Projects/neurosymbolic/frontend/node_modules/vite/dist/node/chunks/dep-BK3b2jBa.js:49099:18)
      at async loadAndTransform (file:///Users/akash/KG_Projects/neurosymbolic/frontend/node_modules/vite/dist/node/chunks/dep-BK3b2jBa.js:51978:27)
      at async viteTransformMiddleware (file:///Users/akash/KG_Projects/neurosymbolic/frontend/node_modules/vite/dist/node/chunks/dep-BK3b2jBa.js:62106:24)
2:30:47 pm [vite] hmr update /src/components/pages/InferencePage.tsx, /src/index.css
2:30:48 pm [vite] Pre-transform error: Failed to resolve import "./components/pages/QueryPage" from "src/App.tsx". Does the file exist?
2:30:48 pm [vite] Internal server error: Failed to resolve import "./components/pages/QueryPage" from "src/App.tsx". Does the file exist?
  Plugin: vite:import-analysis
  File: /Users/akash/KG_Projects/neurosymbolic/frontend/src/App.tsx:24:26
  29 |  import { LogicPage } from "./components/pages/LogicPage";
  30 |  import { InferencePage } from "./components/pages/InferencePage";
  31 |  import { QueryPage } from "./components/pages/QueryPage";
     |                             ^
  32 |  import { api } from "./lib/api";
  33 |  import { useGraphStore } from "./stores/graphStore";
      at TransformPluginContext._formatError (file:///Users/akash/KG_Projects/neurosymbolic/frontend/node_modules/vite/dist/node/chunks/dep-BK3b2jBa.js:49258:41)
      at TransformPluginContext.error (file:///Users/akash/KG_Projects/neurosymbolic/frontend/node_modules/vite/dist/node/chunks/dep-BK3b2jBa.js:49253:16)
      at normalizeUrl (file:///Users/akash/KG_Projects/neurosymbolic/frontend/node_modules/vite/dist/node/chunks/dep-BK3b2jBa.js:64307:23)
      at process.processTicksAndRejections (node:internal/process/task_queues:104:5)
      at async file:///Users/akash/KG_Projects/neurosymbolic/frontend/node_modules/vite/dist/node/chunks/dep-BK3b2jBa.js:64439:39
      at async Promise.all (index 16)
      at async TransformPluginContext.transform (file:///Users/akash/KG_Projects/neurosymbolic/frontend/node_modules/vite/dist/node/chunks/dep-BK3b2jBa.js:64366:7)
      at async PluginContainer.transform (file:///Users/akash/KG_Projects/neurosymbolic/frontend/node_modules/vite/dist/node/chunks/dep-BK3b2jBa.js:49099:18)
      at async loadAndTransform (file:///Users/akash/KG_Projects/neurosymbolic/frontend/node_modules/vite/dist/node/chunks/dep-BK3b2jBa.js:51978:27)
      at async viteTransformMiddleware (file:///Users/akash/KG_Projects/neurosymbolic/frontend/node_modules/vite/dist/node/chunks/dep-BK3b2jBa.js:62106:24)
2:32:00 pm [vite] page reload src/components/pages/QueryPage.tsx
2:46:04 pm [vite] hmr update /src/components/ConstructionPanel.tsx, /src/index.css
2:46:15 pm [vite] hmr update /src/components/AgentPanel.tsx, /src/index.css
2:46:31 pm [vite] hmr update /src/components/GraphCanvas.tsx, /src/index.css
2:46:41 pm [vite] hmr update /src/components/GraphCanvas.tsx, /src/index.css
2:46:48 pm [vite] hmr update /src/components/GraphCanvas.tsx, /src/index.css
2:49:24 pm [vite] hmr update /src/index.css
3:10:25 pm [vite] hmr update /src/components/GraphCanvas.tsx, /src/index.css
3:10:32 pm [vite] hmr update /src/components/GraphCanvas.tsx, /src/index.css
3:10:39 pm [vite] hmr update /src/components/GraphCanvas.tsx, /src/index.css
3:11:25 pm [vite] hmr update /src/components/GraphCanvas.tsx, /src/index.css
3:12:07 pm [vite] hmr update /src/components/IngestPanel.tsx, /src/index.css
3:12:16 pm [vite] hmr update /src/components/IngestPanel.tsx, /src/index.css
3:12:22 pm [vite] hmr update /src/components/IngestPanel.tsx, /src/index.css
3:12:43 pm [vite] hmr update /src/components/ConstructionPanel.tsx, /src/index.css
3:12:51 pm [vite] hmr update /src/components/ConstructionPanel.tsx, /src/index.css
3:13:05 pm [vite] hmr update /src/components/ConstructionPanel.tsx, /src/index.css
3:13:31 pm [vite] hmr update /src/components/EnrichmentPanel.tsx, /src/index.css
3:52:54 pm [vite] hmr update /src/components/GraphCanvas.tsx, /src/index.css
3:53:01 pm [vite] hmr update /src/components/GraphCanvas.tsx, /src/index.css
3:53:12 pm [vite] hmr update /src/components/GraphCanvas.tsx, /src/index.css
3:54:59 pm [vite] hmr update /src/components/GraphCanvas.tsx, /src/index.css
4:06:24 pm [vite] hmr update /src/App.tsx, /src/index.css
4:06:24 pm [vite] hmr update /src/components/AgentPanel.tsx, /src/index.css
4:06:24 pm [vite] hmr update /src/components/EnrichmentPanel.tsx, /src/index.css
4:06:24 pm [vite] hmr update /src/components/ConstructionPanel.tsx, /src/index.css
4:06:24 pm [vite] hmr update /src/components/LeftNavigation.tsx, /src/index.css
4:06:24 pm [vite] hmr update /src/components/QueryPanel.tsx, /src/index.css
4:06:24 pm [vite] hmr update /src/components/Sidebar.tsx, /src/index.css
4:06:24 pm [vite] hmr update /src/components/NodeInspectorCard.tsx, /src/index.css
4:06:24 pm [vite] hmr update /src/components/IngestPanel.tsx, /src/index.css
4:06:24 pm [vite] hmr update /src/components/ReasoningPanel.tsx, /src/index.css
4:06:24 pm [vite] hmr update /src/components/OntologyPanel.tsx, /src/index.css
4:06:24 pm [vite] hmr update /src/components/GraphCanvas.tsx, /src/index.css
4:06:24 pm [vite] hmr update /src/components/panels/AssistantPanel.tsx, /src/index.css
4:06:24 pm [vite] hmr update /src/components/panels/BuildPanel.tsx, /src/index.css
4:06:24 pm [vite] hmr update /src/components/pages/InferencePage.tsx, /src/index.css
4:06:24 pm [vite] hmr update /src/components/pages/QueryPage.tsx, /src/index.css
4:06:24 pm [vite] hmr update /src/components/pages/DocumentsPage.tsx, /src/index.css
4:06:24 pm [vite] hmr update /src/components/pages/LogicPage.tsx, /src/index.css
4:07:52 pm [vite] hmr update /src/components/GraphCanvas.tsx, /src/index.css
4:15:50 pm [vite] hmr update /src/components/GraphCanvas.tsx, /src/index.css
4:16:04 pm [vite] hmr update /src/components/GraphCanvas.tsx, /src/index.css
4:16:36 pm [vite] hmr update /src/components/LeftNavigation.tsx, /src/index.css
4:16:56 pm [vite] hmr update /src/components/pages/InferencePage.tsx, /src/index.css
4:25:24 pm [vite] hmr update /src/components/LeftNavigation.tsx, /src/index.css
4:25:32 pm [vite] hmr update /src/components/Sidebar.tsx, /src/index.css
4:25:48 pm [vite] hmr update /src/components/Sidebar.tsx, /src/index.css
4:26:44 pm [vite] hmr update /src/components/StatusFooter.tsx, /src/index.css
4:26:44 pm [vite] hmr update /src/components/panels/BuildPanel.tsx, /src/index.css
4:53:26 pm [vite] hmr update /src/components/LeftNavigation.tsx, /src/index.css
4:53:29 pm [vite] hmr update /src/components/Sidebar.tsx, /src/index.css
4:53:32 pm [vite] hmr update /src/components/Sidebar.tsx, /src/index.css
4:53:36 pm [vite] hmr update /src/components/Sidebar.tsx, /src/index.css
4:55:31 pm [vite] hmr update /src/components/panels/BuildPanel.tsx, /src/index.css
5:11:41 pm [vite] hmr update /src/App.tsx, /src/index.css, /src/components/LlmPanel.tsx, /src/components/HistoryPopover.tsx, /src/components/QueryPanel.tsx, /src/components/GraphCanvas.tsx, /src/components/ConstructionPanel.tsx, /src/components/ReasoningPanel.tsx, /src/components/IngestPanel.tsx, /src/components/GraphsPopover.tsx, /src/components/TripleStorePanel.tsx, /src/components/EnrichmentPanel.tsx, /src/components/AgentPanel.tsx, /src/components/MemoryInspector.tsx, /src/components/SkillManager.tsx, /src/components/StatusFooter.tsx, /src/components/panels/BuildPanel.tsx, /src/components/pages/DocumentsPage.tsx, /src/components/pages/LogicPage.tsx, /src/components/pages/InferencePage.tsx, /src/components/pages/QueryPage.tsx, /src/components/OntologyPanel.tsx
5:11:56 pm [vite] hmr update /src/App.tsx, /src/index.css, /src/components/LlmPanel.tsx, /src/components/HistoryPopover.tsx, /src/components/QueryPanel.tsx, /src/components/GraphCanvas.tsx, /src/components/ConstructionPanel.tsx, /src/components/ReasoningPanel.tsx, /src/components/IngestPanel.tsx, /src/components/GraphsPopover.tsx, /src/components/TripleStorePanel.tsx, /src/components/EnrichmentPanel.tsx, /src/components/AgentPanel.tsx, /src/components/MemoryInspector.tsx, /src/components/SkillManager.tsx, /src/components/StatusFooter.tsx, /src/components/panels/BuildPanel.tsx, /src/components/pages/DocumentsPage.tsx, /src/components/pages/LogicPage.tsx, /src/components/pages/InferencePage.tsx, /src/components/pages/QueryPage.tsx
5:13:39 pm [vite] hmr update /src/components/LlmPanel.tsx, /src/index.css
5:30:02 pm [vite] hmr update /src/components/GraphCanvas.tsx, /src/index.css
5:30:23 pm [vite] hmr update /src/components/GraphCanvas.tsx, /src/index.css
5:30:33 pm [vite] hmr update /src/components/panels/BuildPanel.tsx, /src/index.css
5:30:41 pm [vite] hmr update /src/components/panels/BuildPanel.tsx, /src/index.css
5:30:49 pm [vite] hmr update /src/components/panels/BuildPanel.tsx, /src/index.css
5:30:53 pm [vite] hmr update /src/components/panels/BuildPanel.tsx, /src/index.css
5:31:02 pm [vite] hmr update /src/App.tsx, /src/index.css
5:31:10 pm [vite] hmr update /src/components/Sidebar.tsx, /src/index.css
7:00:37 pm [vite] hmr update /src/App.tsx, /src/index.css, /src/components/LlmPanel.tsx, /src/components/HistoryPopover.tsx, /src/components/QueryPanel.tsx, /src/components/GraphCanvas.tsx, /src/components/ConstructionPanel.tsx, /src/components/ReasoningPanel.tsx, /src/components/IngestPanel.tsx, /src/components/GraphsPopover.tsx, /src/components/TripleStorePanel.tsx, /src/components/EnrichmentPanel.tsx, /src/components/AgentPanel.tsx, /src/components/MemoryInspector.tsx, /src/components/SkillManager.tsx, /src/components/StatusFooter.tsx, /src/components/panels/BuildPanel.tsx, /src/components/pages/DocumentsPage.tsx, /src/components/pages/LogicPage.tsx, /src/components/pages/InferencePage.tsx, /src/components/pages/QueryPage.tsx, /src/components/OntologyPanel.tsx
7:00:41 pm [vite] hmr update /src/App.tsx, /src/index.css, /src/components/LlmPanel.tsx, /src/components/HistoryPopover.tsx, /src/components/QueryPanel.tsx, /src/components/GraphCanvas.tsx, /src/components/ConstructionPanel.tsx, /src/components/ReasoningPanel.tsx, /src/components/IngestPanel.tsx, /src/components/GraphsPopover.tsx, /src/components/TripleStorePanel.tsx, /src/components/EnrichmentPanel.tsx, /src/components/AgentPanel.tsx, /src/components/MemoryInspector.tsx, /src/components/SkillManager.tsx, /src/components/StatusFooter.tsx, /src/components/panels/BuildPanel.tsx, /src/components/pages/DocumentsPage.tsx, /src/components/pages/LogicPage.tsx, /src/components/pages/InferencePage.tsx, /src/components/pages/QueryPage.tsx, /src/components/OntologyPanel.tsx
7:03:33 pm [vite] hmr update /src/App.tsx, /src/index.css
7:03:39 pm [vite] hmr update /src/App.tsx, /src/index.css
7:03:46 pm [vite] hmr update /src/App.tsx, /src/index.css
7:03:54 pm [vite] hmr update /src/App.tsx, /src/index.css
7:04:05 pm [vite] hmr update /src/App.tsx, /src/index.css, /src/components/LlmPanel.tsx, /src/components/HistoryPopover.tsx, /src/components/QueryPanel.tsx, /src/components/GraphCanvas.tsx, /src/components/ConstructionPanel.tsx, /src/components/ReasoningPanel.tsx, /src/components/IngestPanel.tsx, /src/components/GraphsPopover.tsx, /src/components/TripleStorePanel.tsx, /src/components/EnrichmentPanel.tsx, /src/components/AgentPanel.tsx, /src/components/MemoryInspector.tsx, /src/components/SkillManager.tsx, /src/components/StatusFooter.tsx, /src/components/panels/BuildPanel.tsx, /src/components/pages/DocumentsPage.tsx, /src/components/pages/LogicPage.tsx, /src/components/pages/InferencePage.tsx, /src/components/pages/QueryPage.tsx, /src/components/OntologyPanel.tsx, /src/components/ConnectionCenter.tsx
8:22:38 pm [vite] page reload tailwind.config.js
8:22:46 pm [vite] page reload tailwind.config.js
8:23:02 pm [vite] hmr update /src/index.css
8:23:21 pm [vite] hmr update /src/components/TripleStorePanel.tsx, /src/index.css
8:23:35 pm [vite] hmr update /src/components/ConstructionPanel.tsx, /src/index.css
8:23:43 pm [vite] hmr update /src/components/QueryPanel.tsx, /src/index.css
8:23:52 pm [vite] hmr update /src/components/ReasoningPanel.tsx, /src/index.css
8:24:01 pm [vite] hmr update /src/components/pages/QueryPage.tsx, /src/index.css
8:24:09 pm [vite] hmr update /src/components/pages/InferencePage.tsx, /src/index.css
8:24:33 pm [vite] hmr update /src/components/GraphCanvas.tsx, /src/index.css
8:24:38 pm [vite] hmr update /src/components/GraphCanvas.tsx, /src/index.css
8:25:06 pm [vite] page reload tailwind.config.js
8:25:23 pm [vite] hmr update /src/App.tsx, /src/index.css
8:25:29 pm [vite] hmr update /src/components/ConstructionPanel.tsx, /src/index.css
8:25:46 pm [vite] hmr update /src/components/EnrichmentPanel.tsx, /src/index.css
8:25:55 pm [vite] hmr update /src/components/IngestPanel.tsx, /src/index.css
8:26:03 pm [vite] hmr update /src/components/ReasoningPanel.tsx, /src/index.css
8:26:13 pm [vite] hmr update /src/components/pages/InferencePage.tsx, /src/index.css
8:26:23 pm [vite] hmr update /src/components/pages/InferencePage.tsx, /src/index.css
8:26:34 pm [vite] hmr update /src/components/pages/LogicPage.tsx, /src/index.css
8:27:07 pm [vite] hmr update /src/App.tsx, /src/index.css
8:27:52 pm [vite] hmr update /src/App.tsx, /src/index.css
8:28:10 pm [vite] hmr update /src/App.tsx, /src/index.css
8:28:24 pm [vite] hmr update /src/App.tsx, /src/index.css
8:29:09 pm [vite] hmr update /src/components/GraphCanvas.tsx, /src/index.css
8:29:23 pm [vite] hmr update /src/components/GraphCanvas.tsx, /src/index.css
8:29:33 pm [vite] hmr update /src/components/GraphCanvas.tsx, /src/index.css
8:29:40 pm [vite] hmr update /src/components/GraphCanvas.tsx, /src/index.css
8:29:45 pm [vite] hmr update /src/components/GraphCanvas.tsx, /src/index.css
8:29:49 pm [vite] hmr update /src/components/GraphCanvas.tsx, /src/index.css
8:29:55 pm [vite] hmr update /src/components/GraphCanvas.tsx, /src/index.css
8:30:02 pm [vite] hmr update /src/components/GraphCanvas.tsx, /src/index.css
8:30:09 pm [vite] hmr update /src/components/GraphCanvas.tsx, /src/index.css
